<?xml version="1.0" encoding="UTF-8"?>
<!-- Generated by org.testng.reporters.JUnitReportReporter -->
<testsuite skipped="0" hostname="DESKTOP-6FRNKA8" name="TopPage" tests="2" failures="0" timestamp="2019-10-29T16:22:49 BDT" time="16.528" errors="0">
  <testcase name="SelectModelConditionChecking" time="8.044" classname="TopPage"/>
  <testcase name="TopPageVerification" time="8.484" classname="TopPage"/>
</testsuite> <!-- TopPage -->
