<?xml version="1.0" encoding="UTF-8"?>
<!-- Generated by org.testng.reporters.JUnitReportReporter -->
<testsuite skipped="0" hostname="DESKTOP-6FRNKA8" name="ProfileUpdate" tests="1" failures="0" timestamp="2019-10-29T17:13:06 BDT" time="140.222" errors="0">
  <testcase name="ProfileInformationUpdate" time="140.222" classname="ProfileUpdate"/>
</testsuite> <!-- ProfileUpdate -->
