<?xml version="1.0" encoding="UTF-8"?>
<!-- Generated by org.testng.reporters.JUnitReportReporter -->
<testsuite skipped="0" hostname="DESKTOP-6FRNKA8" name="MyVehicleUpdate_testCase" tests="1" failures="0" timestamp="2019-10-25T16:59:34 BDT" time="194.925" errors="0">
  <testcase name="VehicleInformationUpdate" time="194.925" classname="MyVehicleUpdate_testCase"/>
</testsuite> <!-- MyVehicleUpdate_testCase -->
