<?xml version="1.0" encoding="UTF-8"?>
<!-- Generated by org.testng.reporters.JUnitReportReporter -->
<testsuite skipped="0" hostname="DESKTOP-6FRNKA8" name="Register_teststep" tests="1" failures="0" timestamp="2019-10-31T17:09:56 BDT" time="145.142" errors="0">
  <testcase name="GUIVerification" time="145.142" classname="Register_teststep"/>
</testsuite> <!-- Register_teststep -->
